<?xml version="1.0" encoding="UTF-8"?>
<testsuite name="com.socks.tests.UsersTest" tests="2" skipped="0" failures="0" errors="0" timestamp="2020-07-26T07:12:33" hostname="MBP-Urij" time="3.692">
  <properties/>
  <testcase name="testCanRegisterNewUser" classname="com.socks.tests.UsersTest" time="3.106"/>
  <testcase name="testCantRegisterSameUserTwice" classname="com.socks.tests.UsersTest" time="0.554"/>
  <system-out><![CDATA[Request method:	POST
Request URI:	http://46.101.203.68/register
Proxy:			<none>
Request params:	<none>
Query params:	<none>
Form params:	<none>
Path params:	<none>
Headers:		Accept=*/*
				Content-Type=application/json; charset=UTF-8
Cookies:		<none>
Multiparts:		<none>
Body:
{
    "password": "test123",
    "email": "test@gmail.com",
    "username": "кира.моисеев"
}
HTTP/1.1 200 OK
Content-Length: 33
Content-Type: application/json; charset=utf-8
Date: Sun, 26 Jul 2020 07:12:35 GMT
Etag: W/"21-oLGuE3hqZ9jkFXwJyYGyVDTRCbQ"
Set-Cookie: _TRAEFIK_BACKEND=http://front-end:8079
Set-Cookie: logged_in=0bXH_LZz8n8ufxam0UkzU8jj6jBT6wxW; Max-Age=3600; Path=/; Expires=Sun, 26 Jul 2020 08:12:35 GMT
Set-Cookie: md.sid=s%3A0bXH_LZz8n8ufxam0UkzU8jj6jBT6wxW.WQbmvBboJNfswIwq2Yk0xGDhJkFlHnSTzR0Y4D0DPTw; Path=/; HttpOnly
X-Powered-By: Express

{
    "id": "5f1d2ce3ee11cb00011eb502"
}
14:12:35.744 [Test worker] INFO com.socks.api.assertions.AssertableResponse - About to check condition status code is 200
14:12:35.784 [Test worker] INFO com.socks.api.assertions.AssertableResponse - About to check condition body field [id] not an empty string
Request method:	POST
Request URI:	http://46.101.203.68/register
Proxy:			<none>
Request params:	<none>
Query params:	<none>
Form params:	<none>
Path params:	<none>
Headers:		Accept=*/*
				Content-Type=application/json; charset=UTF-8
Cookies:		<none>
Multiparts:		<none>
Body:
{
    "password": "test123",
    "email": "test@gmail.com",
    "username": "лаврентий.воронов"
}
HTTP/1.1 200 OK
Content-Length: 33
Content-Type: application/json; charset=utf-8
Date: Sun, 26 Jul 2020 07:12:36 GMT
Etag: W/"21-i4TW41ywKgaG2Lo+jObZqdYSVMM"
Set-Cookie: _TRAEFIK_BACKEND=http://front-end:8079
Set-Cookie: logged_in=ShFtiGFnsC8jgVlnH3LXHh4-0hqJAyhE; Max-Age=3600; Path=/; Expires=Sun, 26 Jul 2020 08:12:36 GMT
Set-Cookie: md.sid=s%3AShFtiGFnsC8jgVlnH3LXHh4-0hqJAyhE.Q5JjeHNku%2FjYdFYMy39LlwbV2kxE8mj7GK5bePK44tI; Path=/; HttpOnly
X-Powered-By: Express

{
    "id": "5f1d2ce4ee11cb00011eb503"
}
14:12:36.833 [Test worker] INFO com.socks.api.assertions.AssertableResponse - About to check condition status code is 200
14:12:36.833 [Test worker] INFO com.socks.api.assertions.AssertableResponse - About to check condition body field [id] not an empty string
Request method:	POST
Request URI:	http://46.101.203.68/register
Proxy:			<none>
Request params:	<none>
Query params:	<none>
Form params:	<none>
Path params:	<none>
Headers:		Accept=*/*
				Content-Type=application/json; charset=UTF-8
Cookies:		<none>
Multiparts:		<none>
Body:
{
    "password": "test123",
    "email": "test@gmail.com",
    "username": "лаврентий.воронов"
}
HTTP/1.1 500 Internal Server Error
Content-Length: 0
Date: Sun, 26 Jul 2020 07:12:37 GMT
Set-Cookie: _TRAEFIK_BACKEND=http://front-end:8079
Set-Cookie: md.sid=s%3AvSHaKNI_-j6N6lae7sLzspuADZ46qwNG.pSDbss6pM0HaeTTlft9JYyAmFt4aAuna6MB2VxiFHsU; Path=/; HttpOnly
X-Powered-By: Express
Content-Type: text/plain; charset=utf-8
14:12:37.104 [Test worker] INFO com.socks.api.assertions.AssertableResponse - About to check condition status code is 500
]]></system-out>
  <system-err><![CDATA[июл 26, 2020 2:12:33 PM org.aspectj.weaver.tools.Jdk14Trace error
SEVERE: org/codehaus/groovy/runtime/callsite/AbstractCallSite
java.lang.RuntimeException: bad non-abstract method with no code: void org.codehaus.groovy.runtime.callsite.AbstractCallSite.<init>(org.codehaus.groovy.runtime.callsite.CallSiteArray, int, java.lang.String) on public class org.codehaus.groovy.runtime.callsite.AbstractCallSite
	at org.aspectj.weaver.bcel.LazyMethodGen.<init>(LazyMethodGen.java:223)
	at org.aspectj.weaver.bcel.LazyClassGen.<init>(LazyClassGen.java:308)
	at org.aspectj.weaver.bcel.BcelObjectType.getLazyClassGen(BcelObjectType.java:563)
	at org.aspectj.weaver.bcel.BcelWeaver.weave(BcelWeaver.java:1693)
	at org.aspectj.weaver.bcel.BcelWeaver.weaveWithoutDump(BcelWeaver.java:1644)
	at org.aspectj.weaver.bcel.BcelWeaver.weaveAndNotify(BcelWeaver.java:1409)
	at org.aspectj.weaver.bcel.BcelWeaver.weave(BcelWeaver.java:1191)
	at org.aspectj.weaver.tools.WeavingAdaptor.getWovenBytes(WeavingAdaptor.java:527)
	at org.aspectj.weaver.tools.WeavingAdaptor.weaveClass(WeavingAdaptor.java:363)
	at org.aspectj.weaver.loadtime.Aj.preProcess(Aj.java:121)
	at org.aspectj.weaver.loadtime.ClassPreProcessorAgentAdapter.transform(ClassPreProcessorAgentAdapter.java:54)
	at sun.instrument.TransformerManager.transform(TransformerManager.java:188)
	at sun.instrument.InstrumentationImpl.transform(InstrumentationImpl.java:428)
	at java.lang.ClassLoader.defineClass1(Native Method)
	at java.lang.ClassLoader.defineClass(ClassLoader.java:756)
	at java.lang.ClassLoader.defineClass(ClassLoader.java:635)
	at org.codehaus.groovy.reflection.SunClassLoader.define(SunClassLoader.java:94)
	at org.codehaus.groovy.runtime.callsite.GroovySunClassLoader.loadAbstract(GroovySunClassLoader.java:72)
	at org.codehaus.groovy.runtime.callsite.GroovySunClassLoader.<init>(GroovySunClassLoader.java:54)
	at org.codehaus.groovy.runtime.callsite.GroovySunClassLoader.<init>(GroovySunClassLoader.java:49)
	at org.codehaus.groovy.runtime.callsite.GroovySunClassLoader.lambda$static$0(GroovySunClassLoader.java:40)
	at java.security.AccessController.doPrivileged(Native Method)
	at org.codehaus.groovy.runtime.callsite.GroovySunClassLoader.<clinit>(GroovySunClassLoader.java:37)
	at org.codehaus.groovy.runtime.callsite.CallSiteGenerator.isCompilable(CallSiteGenerator.java:256)
	at org.codehaus.groovy.reflection.CachedMethod.createStaticMetaMethodSite(CachedMethod.java:312)
	at org.codehaus.groovy.runtime.callsite.StaticMetaMethodSite.createStaticMetaMethodSite(StaticMetaMethodSite.java:112)
	at groovy.lang.MetaClassImpl.createStaticSite(MetaClassImpl.java:3500)
	at org.codehaus.groovy.runtime.callsite.CallSiteArray.createCallStaticSite(CallSiteArray.java:74)
	at org.codehaus.groovy.runtime.callsite.CallSiteArray.createCallSite(CallSiteArray.java:156)
	at org.codehaus.groovy.runtime.callsite.CallSiteArray.defaultCall(CallSiteArray.java:47)
	at org.codehaus.groovy.runtime.callsite.AbstractCallSite.call(AbstractCallSite.java:125)
	at org.codehaus.groovy.runtime.callsite.AbstractCallSite.call(AbstractCallSite.java:130)
	at io.restassured.internal.common.assertion.AssertParameter.notNull(AssertParameter.groovy:21)
	at io.restassured.config.SSLConfig.<init>(SSLConfig.java:192)
	at io.restassured.config.SSLConfig.<init>(SSLConfig.java:184)
	at io.restassured.config.RestAssuredConfig.<init>(RestAssuredConfig.java:41)
	at io.restassured.RestAssured.<clinit>(RestAssured.java:421)
	at com.socks.tests.UsersTest.setUp(UsersTest.java:28)
	at sun.reflect.NativeMethodAccessorImpl.invoke0(Native Method)
	at sun.reflect.NativeMethodAccessorImpl.invoke(NativeMethodAccessorImpl.java:62)
	at sun.reflect.DelegatingMethodAccessorImpl.invoke(DelegatingMethodAccessorImpl.java:43)
	at java.lang.reflect.Method.invoke(Method.java:498)
	at org.testng.internal.MethodInvocationHelper.invokeMethod(MethodInvocationHelper.java:134)
	at org.testng.internal.MethodInvocationHelper.invokeMethodConsideringTimeout(MethodInvocationHelper.java:63)
	at org.testng.internal.ConfigInvoker.invokeConfigurationMethod(ConfigInvoker.java:348)
	at org.testng.internal.ConfigInvoker.invokeConfigurations(ConfigInvoker.java:302)
	at org.testng.internal.TestMethodWorker.invokeBeforeClassMethods(TestMethodWorker.java:176)
	at org.testng.internal.TestMethodWorker.run(TestMethodWorker.java:122)
	at java.util.ArrayList.forEach(ArrayList.java:1257)
	at org.testng.TestRunner.privateRun(TestRunner.java:766)
	at org.testng.TestRunner.run(TestRunner.java:587)
	at org.testng.SuiteRunner.runTest(SuiteRunner.java:384)
	at org.testng.SuiteRunner.runSequentially(SuiteRunner.java:378)
	at org.testng.SuiteRunner.privateRun(SuiteRunner.java:337)
	at org.testng.SuiteRunner.run(SuiteRunner.java:286)
	at org.testng.SuiteRunnerWorker.runSuite(SuiteRunnerWorker.java:53)
	at org.testng.SuiteRunnerWorker.run(SuiteRunnerWorker.java:96)
	at org.testng.TestNG.runSuitesSequentially(TestNG.java:1187)
	at org.testng.TestNG.runSuitesLocally(TestNG.java:1109)
	at org.testng.TestNG.runSuites(TestNG.java:1039)
	at org.testng.TestNG.run(TestNG.java:1007)
	at org.gradle.api.internal.tasks.testing.testng.TestNGTestClassProcessor.runTests(TestNGTestClassProcessor.java:141)
	at org.gradle.api.internal.tasks.testing.testng.TestNGTestClassProcessor.stop(TestNGTestClassProcessor.java:90)
	at org.gradle.api.internal.tasks.testing.SuiteTestClassProcessor.stop(SuiteTestClassProcessor.java:61)
	at sun.reflect.NativeMethodAccessorImpl.invoke0(Native Method)
	at sun.reflect.NativeMethodAccessorImpl.invoke(NativeMethodAccessorImpl.java:62)
	at sun.reflect.DelegatingMethodAccessorImpl.invoke(DelegatingMethodAccessorImpl.java:43)
	at java.lang.reflect.Method.invoke(Method.java:498)
	at org.gradle.internal.dispatch.ReflectionDispatch.dispatch(ReflectionDispatch.java:36)
	at org.gradle.internal.dispatch.ReflectionDispatch.dispatch(ReflectionDispatch.java:24)
	at org.gradle.internal.dispatch.ContextClassLoaderDispatch.dispatch(ContextClassLoaderDispatch.java:33)
	at org.gradle.internal.dispatch.ProxyDispatchAdapter$DispatchingInvocationHandler.invoke(ProxyDispatchAdapter.java:94)
	at com.sun.proxy.$Proxy2.stop(Unknown Source)
	at org.gradle.api.internal.tasks.testing.worker.TestWorker.stop(TestWorker.java:132)
	at sun.reflect.NativeMethodAccessorImpl.invoke0(Native Method)
	at sun.reflect.NativeMethodAccessorImpl.invoke(NativeMethodAccessorImpl.java:62)
	at sun.reflect.DelegatingMethodAccessorImpl.invoke(DelegatingMethodAccessorImpl.java:43)
	at java.lang.reflect.Method.invoke(Method.java:498)
	at org.gradle.internal.dispatch.ReflectionDispatch.dispatch(ReflectionDispatch.java:36)
	at org.gradle.internal.dispatch.ReflectionDispatch.dispatch(ReflectionDispatch.java:24)
	at org.gradle.internal.remote.internal.hub.MessageHubBackedObjectConnection$DispatchWrapper.dispatch(MessageHubBackedObjectConnection.java:182)
	at org.gradle.internal.remote.internal.hub.MessageHubBackedObjectConnection$DispatchWrapper.dispatch(MessageHubBackedObjectConnection.java:164)
	at org.gradle.internal.remote.internal.hub.MessageHub$Handler.run(MessageHub.java:412)
	at org.gradle.internal.concurrent.ExecutorPolicy$CatchAndRecordFailures.onExecute(ExecutorPolicy.java:64)
	at org.gradle.internal.concurrent.ManagedExecutorImpl$1.run(ManagedExecutorImpl.java:48)
	at java.util.concurrent.ThreadPoolExecutor.runWorker(ThreadPoolExecutor.java:1149)
	at java.util.concurrent.ThreadPoolExecutor$Worker.run(ThreadPoolExecutor.java:624)
	at org.gradle.internal.concurrent.ThreadFactoryImpl$ManagedThreadRunnable.run(ThreadFactoryImpl.java:56)
	at java.lang.Thread.run(Thread.java:748)

июл 26, 2020 2:12:33 PM org.aspectj.weaver.tools.Jdk14Trace info
INFO: Dumping to /Users/urij/IdeaProjects/SelenideTests/./ajcore.20200726.141233.219.txt
]]></system-err>
</testsuite>
